{"t": "config", "timeout_ms": 300000, "max_iterations": 10, "context_warn": 0.7, "context_compact": 0.85, "context_kill": 0.95}
{"t": "spec", "spec": "ralph-refactor.md"}
{"t": "issue", "id": "i-7cg0bp", "spec": "ralph-refactor.md", "desc": "REPEATED REJECTION (12x): Task 't-i6nflz' (t-i6nflz) keeps failing with: ralph/tui/fallback.py file was not created. The task to extract FallbackDashboard class from powerpl; ralph/tui/fallback.py does not exist - file was never created; ralph/tui/fallback.py does not exist - the file was never created. FallbackDashboard class, Dashboar. Investigate root cause - may need prerequisite task or spec clarification.", "priority": "high"}
{"t": "issue", "id": "i-7cjmlr", "spec": "ralph-refactor.md", "desc": "REPEATED REJECTION (7x): Task 'Create ralph/tui/fallback.py with FallbackDashboard extraction' (t-68rt9c) keeps failing with: ; File ralph/tui/fallback.py does not exist. The ralph/tui/ directory contains only: __init__.py, art.; ralph/tui/fallback.py does not exist. Directory only contains __init__.py, art.py, and dashboard.py. Investigate root cause - may need prerequisite task or spec clarification.", "priority": "high"}
{"t": "issue", "id": "i-7cjkmf", "spec": "ralph-refactor.md", "desc": "REPEATED REJECTION (7x): Task 'Convert powerplant/ralph to bash wrapper' (t-gmxfeb) keeps failing with: ; powerplant/ralph is still a Python script (#!/usr/bin/env python3), not a bash wrapper. Line 2 is a ; powerplant/ralph still uses Python shebang, not bash wrapper. ralph --help fails with ModuleNotFound. Investigate root cause - may need prerequisite task or spec clarification.", "priority": "high"}
{"t": "issue", "id": "i-7ct8ni", "spec": "ralph-refactor.md", "desc": "REPEATED REJECTION (7x): Task 'Update tui/__init__.py with proper exports' (t-jm9srj) keeps failing with: ; FallbackDashboard is not exported from ralph.tui.__init__.py - import fails with ImportError; FallbackDashboard import fails - ralph/tui/fallback.py does not exist, was never created. Investigate root cause - may need prerequisite task or spec clarification.", "priority": "high"}
{"t": "issue", "id": "i-7cavl6", "spec": "ralph-refactor.md", "desc": "REPEATED REJECTION (9x): Task 'Create ralph/tui/fallback.py with FallbackDashboard extraction' (t-g1blwq) keeps failing with: File ralph/tui/fallback.py does not exist - file was never created; ; File ralph/tui/fallback.py does not exist - the extraction was never completed. Investigate root cause - may need prerequisite task or spec clarification.", "priority": "high"}
{"t": "issue", "id": "i-7cwafs", "spec": "ralph-refactor.md", "desc": "REPEATED REJECTION (6x): Task 'Fix t-jcpk4m deps to point to t-68rt9c' (t-rw2tlk) keeps failing with: ; Task t-jcpk4m does not have a deps field at all - it's missing, not pointing to t-68rt9c. The accept; Task t-jcpk4m does not have t-68rt9c in its deps array - deps field is null/missing. Investigate root cause - may need prerequisite task or spec clarification.", "priority": "high"}
{"t": "issue", "id": "i-7ce464", "spec": "ralph-refactor.md", "desc": "REPEATED REJECTION (3x): Task 'Create ralph/tui/fallback.py with FallbackDashboard extraction' (t-h0s1z3) keeps failing with: File ralph/tui/fallback.py does not exist; ; File ralph/tui/fallback.py does not exist - module cannot be imported. Investigate root cause - may need prerequisite task or spec clarification.", "priority": "high"}
{"t": "issue", "id": "i-7cdrxk", "spec": "ralph-refactor.md", "desc": "REPEATED REJECTION (4x): Task 'Refactor shell completions to stay in sync with CLI' (t-pjay0z) keeps failing with: ; All three criteria failed: 'construct' not found in completions (expected match), 'build' WAS found ; All three criteria failed: 'construct' was NOT found (should match), 'build' WAS found (should NOT m. Investigate root cause - may need prerequisite task or spec clarification.", "priority": "high"}
{"t": "issue", "id": "i-7c3xwa", "spec": "ralph-refactor.md", "desc": "REPEATED REJECTION (3x): Task 'Create ralph/tui/fallback.py with FallbackDashboard, DashboardState, and render_dashboard extraction' (t-kdfcv0) keeps failing with: ; Import fails: cannot import name 'RalphConfig' from 'ralph.config' - likely stale cache issue or mis; ImportError: cannot import name 'RalphConfig' from 'ralph.config'. fallback.py imports RalphConfig w. Investigate root cause - may need prerequisite task or spec clarification.", "priority": "high"}
{"t": "issue", "id": "i-7ct6lm", "spec": "ralph-refactor.md", "desc": "REPEATED REJECTION (4x): Task 'Refactor main() in cli.py to use command dispatch pattern' (t-4jhicj) keeps failing with: main() function is 101 lines, exceeds 60-line limit; main() is 117 lines, exceeds 60-line limit. Need to refactor using dictionary-based command dispatch; main() function is 88 lines, exceeds the 60-line limit. Investigate root cause - may need prerequisite task or spec clarification.", "priority": "high"}
{"t": "issue", "id": "i-7c5yaq", "spec": "ralph-refactor.md", "desc": "REPEATED REJECTION (4x): Task 'Refactor render_dashboard into smaller composable rendering functions' (t-4nox9j) keeps failing with: render_dashboard has 27 control flow statements (requirement: <10). Not refactored into smaller help; render_dashboard has 27 control flow statements, exceeds limit of 10. Need further extraction into h; render_dashboard has 27 control flow statements, exceeds limit of 10. Investigate root cause - may need prerequisite task or spec clarification.", "priority": "high"}
{"t": "issue", "id": "i-7cepsb", "spec": "ralph-refactor.md", "desc": "REPEATED REJECTION (4x): Task 'Verify and fix complexity targets' (t-5ttjz4) keeps failing with: 4 files exceed 500 lines: cli.py (761), init.py (705), dashboard.py (779), fallback.py (587); 4 modules exceed 500 lines: cli.py (764), init.py (705), dashboard.py (779), fallback.py (587); 4 modules exceed 500 lines: tui/dashboard.py (779), cli.py (748), commands/init.py (705), tui/fallba. Investigate root cause - may need prerequisite task or spec clarification.", "priority": "high"}
{"t": "issue", "id": "i-7ctcuc", "spec": "ralph-refactor.md", "desc": "REPEATED REJECTION (5x): Task 'Refactor cmd_task in cli.py to reduce complexity' (t-50kf8b) keeps failing with: cmd_task has complexity E (37), does not meet acceptance criteria of A or B; cmd_task has complexity grade E (score 37), needs to be A or B; cmd_task has complexity E (37), not A/B as required. Investigate root cause - may need prerequisite task or spec clarification.", "priority": "high"}
{"t": "issue", "id": "i-7c1xoa", "spec": "ralph-refactor.md", "desc": "REPEATED REJECTION (5x): Task 'Refactor load_state in state.py to reduce complexity' (t-59ozjr) keeps failing with: load_state has complexity D (22), does not meet acceptance criteria of A or B; load_state has complexity D (22), not A/B as required; load_state has complexity grade D (score 22), needs to be A or B. Investigate root cause - may need prerequisite task or spec clarification.", "priority": "high"}
{"t": "issue", "id": "i-7claz9", "spec": "ralph-refactor.md", "desc": "REPEATED REJECTION (4x): Task 'Verify all complexity targets are met' (t-6g0ear) keeps failing with: 29 functions have complexity >= C, need all to be below C threshold; 43 code items still have complexity C or higher (expected 0); 31 functions have complexity >= C, none allowed. Investigate root cause - may need prerequisite task or spec clarification.", "priority": "high"}
{"t": "issue", "id": "i-7ca9cz", "spec": "ralph-refactor.md", "desc": "REPEATED REJECTION (4x): Task 'Decompose oversized modules to meet 500-line complexity target' (t-7pl3nl) keeps failing with: 4 files exceed 500 lines: cli.py (748), init.py (705), dashboard.py (779), fallback.py (587); 4 files still exceed 500 lines: cli.py (764), init.py (705), dashboard.py (779), fallback.py (595); 4 files exceed 500 lines: cli.py (748), init.py (705), dashboard.py (779), fallback.py (595). Investigate root cause - may need prerequisite task or spec clarification.", "priority": "high"}
{"t": "issue", "id": "i-7cebcg", "spec": "ralph-refactor.md", "desc": "REPEATED REJECTION (3x): Task 'Implement ralph plan command' (t-7wmfri) keeps failing with: plan command prints 'not yet implemented' and does not create/update plan.jsonl; plan command is still a stub printing not yet implemented; Plan command is a stub - prints 'not yet implemented' and does not actually create/update plan.jsonl. Investigate root cause - may need prerequisite task or spec clarification.", "priority": "high"}
{"t": "issue", "id": "i-7cuwrq", "spec": "ralph-refactor.md", "desc": "REPEATED REJECTION (4x): Task 'Implement ralph watch command' (t-713zcr) keeps failing with: watch command is still a stub printing not yet implemented; Watch command shows placeholder message, dashboard not implemented; watch command prints 'not yet implemented' and does not launch dashboard. Investigate root cause - may need prerequisite task or spec clarification.", "priority": "high"}
{"t": "issue", "id": "i-7cnmvn", "spec": "ralph-refactor.md", "desc": "COMMON FAILURE PATTERN: 4 tasks fail with 'missing'. Affected: Add type hints and docstrings , Fix t-jcpk4m deps to point to , t-i6nflz. Sample: parse_json_stream_iter() in ralph/opencode.py line 238 is missing type hint for lines_iter parameter. Likely missing prerequisite - create blocking task.", "priority": "high"}
{"t": "issue", "id": "i-9ln4sb", "spec": "ralph-refactor.md", "desc": "REPEATED REJECTION (12x): Task 't-i6nflz' (t-i6nflz) keeps failing with: ralph/tui/fallback.py does not exist - file was never created despite task being marked done; ralph/tui/fallback.py does not exist; File ralph/tui/fallback.py does not exist - the extraction was never completed. Directory only conta. Investigate root cause - may need prerequisite task or spec clarification.", "priority": "high"}
{"t": "issue", "id": "i-9lqygq", "spec": "ralph-refactor.md", "desc": "REPEATED REJECTION (7x): Task 'Create ralph/tui/fallback.py with FallbackDashboard extraction' (t-68rt9c) keeps failing with: ; ralph/tui/fallback.py does not exist. Directory only contains __init__.py, art.py, and dashboard.py; File ralph/tui/fallback.py does not exist. The extraction was never completed.. Investigate root cause - may need prerequisite task or spec clarification.", "priority": "high"}
{"t": "issue", "id": "i-9lfhas", "spec": "ralph-refactor.md", "desc": "REPEATED REJECTION (7x): Task 'Convert powerplant/ralph to bash wrapper' (t-gmxfeb) keeps failing with: ; powerplant/ralph is still a Python script (#!/usr/bin/env python3), not a bash wrapper. Line 2 is a ; powerplant/ralph is still a Python script (#!/usr/bin/env python3), not a bash wrapper. The conversi. Investigate root cause - may need prerequisite task or spec clarification.", "priority": "high"}
{"t": "issue", "id": "i-9l19se", "spec": "ralph-refactor.md", "desc": "REPEATED REJECTION (7x): Task 'Update tui/__init__.py with proper exports' (t-jm9srj) keeps failing with: FallbackDashboard import fails - ralph/tui/fallback.py does not exist; ; FallbackDashboard is not exported from ralph.tui.__init__.py - import fails with ImportError. Investigate root cause - may need prerequisite task or spec clarification.", "priority": "high"}
{"t": "issue", "id": "i-9lk5yn", "spec": "ralph-refactor.md", "desc": "REPEATED REJECTION (9x): Task 'Create ralph/tui/fallback.py with FallbackDashboard extraction' (t-g1blwq) keeps failing with: ; ralph/tui/fallback.py does not exist - file was never created despite commit at bbb13f9; File ralph/tui/fallback.py does not exist - import fails with ModuleNotFoundError. Investigate root cause - may need prerequisite task or spec clarification.", "priority": "high"}
{"t": "issue", "id": "i-9lswue", "spec": "ralph-refactor.md", "desc": "REPEATED REJECTION (6x): Task 'Fix t-jcpk4m deps to point to t-68rt9c' (t-rw2tlk) keeps failing with: ; Task t-jcpk4m has no deps field - the deps were not set to include t-68rt9c; Task t-jcpk4m no longer has deps field - it was accepted and no longer in pending state with deps ar. Investigate root cause - may need prerequisite task or spec clarification.", "priority": "high"}
{"t": "issue", "id": "i-9lnvf6", "spec": "ralph-refactor.md", "desc": "REPEATED REJECTION (3x): Task 'Create ralph/tui/fallback.py with FallbackDashboard extraction' (t-h0s1z3) keeps failing with: ; File ralph/tui/fallback.py does not exist; File ralph/tui/fallback.py does not exist - module cannot be imported. Investigate root cause - may need prerequisite task or spec clarification.", "priority": "high"}
{"t": "issue", "id": "i-9lfzl7", "spec": "ralph-refactor.md", "desc": "REPEATED REJECTION (4x): Task 'Refactor shell completions to stay in sync with CLI' (t-pjay0z) keeps failing with: ; Shell completions not updated: 'construct' and 'prioritize' not found in bash completion, 'build' st; All three criteria failed: 'construct' was NOT found (should match), 'build' WAS found (should NOT m. Investigate root cause - may need prerequisite task or spec clarification.", "priority": "high"}
{"t": "issue", "id": "i-9lcqlf", "spec": "ralph-refactor.md", "desc": "REPEATED REJECTION (3x): Task 'Create ralph/tui/fallback.py with FallbackDashboard, DashboardState, and render_dashboard extraction' (t-kdfcv0) keeps failing with: ImportError: cannot import name 'RalphConfig' from 'ralph.config'. fallback.py imports RalphConfig w; ; Import fails: cannot import name 'RalphConfig' from 'ralph.config' - likely stale cache issue or mis. Investigate root cause - may need prerequisite task or spec clarification.", "priority": "high"}
{"t": "issue", "id": "i-9ldzm4", "spec": "ralph-refactor.md", "desc": "REPEATED REJECTION (4x): Task 'Refactor main() in cli.py to use command dispatch pattern' (t-4jhicj) keeps failing with: main() is 117 lines, exceeds 60-line limit. Need to refactor using dictionary-based command dispatch; main() is 117 lines, exceeds 60-line limit. set-spec and plan spec-listing logic still inline instea; main() function is 88 lines, exceeds the 60-line limit. Investigate root cause - may need prerequisite task or spec clarification.", "priority": "high"}
{"t": "issue", "id": "i-9lnlrq", "spec": "ralph-refactor.md", "desc": "REPEATED REJECTION (4x): Task 'Refactor render_dashboard into smaller composable rendering functions' (t-4nox9j) keeps failing with: render_dashboard has 27 control flow statements, exceeds limit of 10. Need further extraction into h; render_dashboard has 27 control flow statements (requirement: <10). Not refactored into smaller help; render_dashboard has 27 control flow statements, exceeds limit of 10. Investigate root cause - may need prerequisite task or spec clarification.", "priority": "high"}
{"t": "issue", "id": "i-9luq11", "spec": "ralph-refactor.md", "desc": "REPEATED REJECTION (4x): Task 'Verify and fix complexity targets' (t-5ttjz4) keeps failing with: 4 modules exceed 500 lines: cli.py (748), init.py (705), dashboard.py (779), fallback.py (587); 4 modules exceed 500 lines: cli.py (764), init.py (705), dashboard.py (779), fallback.py (587); 4 modules exceed 500 lines: tui/dashboard.py (779), cli.py (748), commands/init.py (705), tui/fallba. Investigate root cause - may need prerequisite task or spec clarification.", "priority": "high"}
{"t": "issue", "id": "i-9lwi14", "spec": "ralph-refactor.md", "desc": "REPEATED REJECTION (5x): Task 'Refactor cmd_task in cli.py to reduce complexity' (t-50kf8b) keeps failing with: cmd_task has complexity E (37), does not meet acceptance criteria of A or B; cmd_task has complexity E (37), not A/B; cmd_task has complexity grade E (score 37), needs to be A or B. Investigate root cause - may need prerequisite task or spec clarification.", "priority": "high"}
{"t": "issue", "id": "i-9laobu", "spec": "ralph-refactor.md", "desc": "REPEATED REJECTION (5x): Task 'Refactor load_state in state.py to reduce complexity' (t-59ozjr) keeps failing with: load_state has complexity D (22), needs A or B; load_state has complexity D (22), does not meet acceptance criteria of A or B; load_state has complexity grade D (score 22), needs to be A or B. Investigate root cause - may need prerequisite task or spec clarification.", "priority": "high"}
{"t": "issue", "id": "i-9loqqu", "spec": "ralph-refactor.md", "desc": "REPEATED REJECTION (4x): Task 'Verify all complexity targets are met' (t-6g0ear) keeps failing with: 29 functions have complexity >= C, need all to be below C threshold; 43 code items still have complexity C or higher (expected 0); 31 functions have complexity >= C, none allowed. Investigate root cause - may need prerequisite task or spec clarification.", "priority": "high"}
{"t": "issue", "id": "i-9lzkh7", "spec": "ralph-refactor.md", "desc": "REPEATED REJECTION (4x): Task 'Decompose oversized modules to meet 500-line complexity target' (t-7pl3nl) keeps failing with: 4 files exceed 500 lines: cli.py (748), init.py (705), dashboard.py (779), fallback.py (595); 4 files exceed 500 lines: cli.py (748), init.py (705), dashboard.py (779), fallback.py (587); 4 files still exceed 500 lines: cli.py (764), init.py (705), dashboard.py (779), fallback.py (595). Investigate root cause - may need prerequisite task or spec clarification.", "priority": "high"}
{"t": "issue", "id": "i-9lad7q", "spec": "ralph-refactor.md", "desc": "REPEATED REJECTION (3x): Task 'Implement ralph plan command' (t-7wmfri) keeps failing with: plan command prints 'not yet implemented' and does not create/update plan.jsonl; plan command is still a stub printing not yet implemented; Plan command is a stub - prints 'not yet implemented' and does not actually create/update plan.jsonl. Investigate root cause - may need prerequisite task or spec clarification.", "priority": "high"}
{"t": "issue", "id": "i-9l4gxq", "spec": "ralph-refactor.md", "desc": "REPEATED REJECTION (4x): Task 'Implement ralph watch command' (t-713zcr) keeps failing with: watch command prints 'not yet implemented' and does not launch dashboard; Watch command is a stub - prints 'not yet implemented' and does not launch dashboard; Watch command shows placeholder message, dashboard not implemented. Investigate root cause - may need prerequisite task or spec clarification.", "priority": "high"}
{"t": "issue", "id": "i-9ls7e2", "spec": "ralph-refactor.md", "desc": "COMMON FAILURE PATTERN: 4 tasks fail with 'missing'. Affected: Add type hints and docstrings , t-i6nflz, Fix t-jcpk4m deps to point to . Sample: parse_json_stream_iter() in ralph/opencode.py line 238 is missing type hint for lines_iter parameter. Likely missing prerequisite - create blocking task.", "priority": "high"}
